<?xml version="1.0" encoding="UTF-8"?>
<testsuite xmlns:xsi="http://www.w3.org/2001/XMLSchema-instance" xsi:noNamespaceSchemaLocation="https://maven.apache.org/surefire/maven-surefire-plugin/xsd/surefire-test-report-3.0.xsd" version="3.0" name="com.hectordevelopers.productservices.ProductServicesApplicationTests" time="18.801" tests="1" errors="0" skipped="0" failures="0">
  <properties>
[...]
</properties>
  <testcase name="shouldCreateProduct" classname="com.hectordevelopers.productservices.ProductServicesApplicationTests" time="1.769">
    <system-out><![CDATA[16:16:13.348 [main] INFO org.springframework.test.context.support.AnnotationConfigContextLoaderUtils -- Could not detect default configuration classes for test class [com.hectordevelopers.productservices.ProductServicesApplicationTests]: ProductServicesApplicationTests does not declare any static, non-private, non-final, nested classes annotated with @Configuration.
16:16:13.760 [main] INFO org.springframework.boot.test.context.SpringBootTestContextBootstrapper -- Found @SpringBootConfiguration com.hectordevelopers.productservices.ProductServicesApplication for test class com.hectordevelopers.productservices.ProductServicesApplicationTests
16:16:14.163 [main] INFO org.testcontainers.images.PullPolicy -- Image pull policy will be performed by: DefaultPullPolicy()
16:16:14.169 [main] INFO org.testcontainers.utility.ImageNameSubstitutor -- Image name substitution will be performed by: DefaultImageNameSubstitutor (composite of 'ConfigurationFileImageNameSubstitutor' and 'PrefixingImageNameSubstitutor')
16:16:14.694 [main] INFO org.testcontainers.dockerclient.DockerClientProviderStrategy -- Loaded org.testcontainers.dockerclient.NpipeSocketClientProviderStrategy from ~/.testcontainers.properties, will try it first
16:16:15.176 [main] INFO org.testcontainers.dockerclient.DockerClientProviderStrategy -- Found Docker environment with local Npipe socket (npipe:////./pipe/docker_engine)
16:16:15.179 [main] INFO org.testcontainers.DockerClientFactory -- Docker host IP address is localhost
16:16:15.206 [main] INFO org.testcontainers.DockerClientFactory -- Connected to docker: 
  Server Version: 26.1.1
  API Version: 1.45
  Operating System: Docker Desktop
  Total Memory: 7888 MB
16:16:15.258 [main] INFO tc.testcontainers/ryuk:0.7.0 -- Creating container for image: testcontainers/ryuk:0.7.0
16:16:15.607 [main] INFO org.testcontainers.utility.RegistryAuthLocator -- Credential helper/store (docker-credential-desktop) does not have credentials for https://index.docker.io/v1/
16:16:15.935 [main] INFO tc.testcontainers/ryuk:0.7.0 -- Container testcontainers/ryuk:0.7.0 is starting: 5e9f0ea3a02cada469c48fa6599f73a4856ac3fb4a565368d766c2efb0a6d959
16:16:17.061 [main] INFO tc.testcontainers/ryuk:0.7.0 -- Container testcontainers/ryuk:0.7.0 started in PT1.8024601S
16:16:17.075 [main] INFO org.testcontainers.utility.RyukResourceReaper -- Ryuk started - will monitor and terminate Testcontainers containers on JVM exit
16:16:17.075 [main] INFO org.testcontainers.DockerClientFactory -- Checking the system...
16:16:17.076 [main] INFO org.testcontainers.DockerClientFactory -- ?? Docker server version should be at least 1.6.0
16:16:17.078 [main] INFO tc.postgres:13-alpine -- Creating container for image: postgres:13-alpine
16:16:17.209 [main] INFO tc.postgres:13-alpine -- Container postgres:13-alpine is starting: 6b6ef774bb2161b66ed9fcb0af8685a74745df9a2e192195a0a0f0b4dbe5e7ac
16:16:20.753 [main] INFO tc.postgres:13-alpine -- Container postgres:13-alpine started in PT3.6750758S
16:16:20.755 [main] INFO tc.postgres:13-alpine -- Container is started (JDBC URL: jdbc:postgresql://localhost:63137/test?loggerLevel=OFF)
16:16:20.868 [main] INFO org.springframework.boot.devtools.restart.RestartApplicationListener -- Restart disabled due to context in which it is running

  .   ____          _            __ _ _
 /\\ / ___'_ __ _ _(_)_ __  __ _ \ \ \ \
( ( )\___ | '_ | '_| | '_ \/ _` | \ \ \ \
 \\/  ___)| |_)| | | | | || (_| |  ) ) ) )
  '  |____| .__|_| |_|_| |_\__, | / / / /
 =========|_|==============|___/=/_/_/_/
 :: Spring Boot ::                (v3.2.5)

2024-05-25T16:16:21.495+01:00  INFO 7152 --- [product-services] [           main] c.h.p.ProductServicesApplicationTests    : Starting ProductServicesApplicationTests using Java 17.0.10 with PID 7152 (started by HECTOR in C:\Users\HECTOR\Desktop\test\microservice-new\product-service)
2024-05-25T16:16:21.497+01:00  INFO 7152 --- [product-services] [           main] c.h.p.ProductServicesApplicationTests    : No active profile set, falling back to 1 default profile: "default"
2024-05-25T16:16:22.980+01:00  INFO 7152 --- [product-services] [           main] .s.d.r.c.RepositoryConfigurationDelegate : Bootstrapping Spring Data JPA repositories in DEFAULT mode.
2024-05-25T16:16:23.090+01:00  INFO 7152 --- [product-services] [           main] .s.d.r.c.RepositoryConfigurationDelegate : Finished Spring Data repository scanning in 94 ms. Found 1 JPA repository interface.
2024-05-25T16:16:24.020+01:00  INFO 7152 --- [product-services] [           main] o.hibernate.jpa.internal.util.LogHelper  : HHH000204: Processing PersistenceUnitInfo [name: default]
2024-05-25T16:16:24.139+01:00  INFO 7152 --- [product-services] [           main] org.hibernate.Version                    : HHH000412: Hibernate ORM core version 6.4.4.Final
2024-05-25T16:16:24.225+01:00  INFO 7152 --- [product-services] [           main] o.h.c.internal.RegionFactoryInitiator    : HHH000026: Second-level cache disabled
2024-05-25T16:16:24.681+01:00  INFO 7152 --- [product-services] [           main] o.s.o.j.p.SpringPersistenceUnitInfo      : No LoadTimeWeaver setup: ignoring JPA class transformer
2024-05-25T16:16:24.743+01:00  INFO 7152 --- [product-services] [           main] com.zaxxer.hikari.HikariDataSource       : HikariPool-1 - Starting...
2024-05-25T16:16:24.977+01:00  INFO 7152 --- [product-services] [           main] com.zaxxer.hikari.pool.HikariPool        : HikariPool-1 - Added connection org.postgresql.jdbc.PgConnection@7672960e
2024-05-25T16:16:24.981+01:00  INFO 7152 --- [product-services] [           main] com.zaxxer.hikari.HikariDataSource       : HikariPool-1 - Start completed.
2024-05-25T16:16:25.054+01:00  WARN 7152 --- [product-services] [           main] org.hibernate.orm.deprecation            : HHH90000025: PostgreSQLDialect does not need to be specified explicitly using 'hibernate.dialect' (remove the property setting and it will be selected by default)
2024-05-25T16:16:26.882+01:00  INFO 7152 --- [product-services] [           main] o.h.e.t.j.p.i.JtaPlatformInitiator       : HHH000489: No JTA platform available (set 'hibernate.transaction.jta.platform' to enable JTA platform integration)
Hibernate: create table product (id bigint not null, description varchar(255), name varchar(255), price numeric(38,2), primary key (id))
Hibernate: create sequence product_seq start with 1 increment by 50
2024-05-25T16:16:27.036+01:00  INFO 7152 --- [product-services] [           main] j.LocalContainerEntityManagerFactoryBean : Initialized JPA EntityManagerFactory for persistence unit 'default'
2024-05-25T16:16:28.062+01:00  WARN 7152 --- [product-services] [           main] JpaBaseConfiguration$JpaWebConfiguration : spring.jpa.open-in-view is enabled by default. Therefore, database queries may be performed during view rendering. Explicitly configure spring.jpa.open-in-view to disable this warning
2024-05-25T16:16:29.060+01:00  INFO 7152 --- [product-services] [           main] o.s.b.t.m.w.SpringBootMockServletContext : Initializing Spring TestDispatcherServlet ''
2024-05-25T16:16:29.060+01:00  INFO 7152 --- [product-services] [           main] o.s.t.web.servlet.TestDispatcherServlet  : Initializing Servlet ''
2024-05-25T16:16:29.065+01:00  INFO 7152 --- [product-services] [           main] o.s.t.web.servlet.TestDispatcherServlet  : Completed initialization in 2 ms
2024-05-25T16:16:29.116+01:00  INFO 7152 --- [product-services] [           main] c.h.p.ProductServicesApplicationTests    : Started ProductServicesApplicationTests in 8.273 seconds (process running for 17.334)
Hibernate: select nextval('product_seq')
Hibernate: insert into product (description,name,price,id) values (?,?,?,?)
]]></system-out>
  </testcase>
</testsuite>